2015-08-27 11:55:47.316121|0x7fff5401b3c0|>select --table Data        --match_columns article        --output_columns "_key,highlight_html(article),line_no"        --query "( あいこ OR あかり OR ありま OR いつお OR うらら OR かおり OR かとう OR かなえ OR かなめ OR きよこ OR きよみ OR こずえ OR しげこ OR すずき  OR せいこ OR せんだ OR たいじ OR たけお OR たまえ OR ちゃん OR ちょこ OR とよこ OR ながの OR のぼる OR のむら OR まこと OR みどり OR みやこ OR みゆき OR よしの OR よしみ OR 健次郎 OR 利根川 OR 千々石 OR 千鶴子 OR 大久保 OR 大河原 OR 威海衛 OR 宇都宮 OR 小石川 OR 江田島 OR 海江田 OR 西久保 OR 高千穂 OR こうへい OR こうめい ) OR (line_no:>1 + line_no:<500)"        --command_version 2        --limit -1
2015-08-27 11:55:47.338882|0x7fff5401b3c0|:000000022777000 filter(42570)
2015-08-27 11:55:47.358392|0x7fff5401b3c0|:000000042283000 filter(10880)
2015-08-27 11:55:47.365831|0x7fff5401b3c0|:000000049728000 filter(10880)
2015-08-27 11:55:47.372275|0x7fff5401b3c0|:000000056164000 filter(10905)
2015-08-27 11:55:47.376015|0x7fff5401b3c0|:000000059900000 filter(11040)
2015-08-27 11:55:47.380766|0x7fff5401b3c0|:000000064655000 filter(11050)
2015-08-27 11:55:47.385465|0x7fff5401b3c0|:000000069355000 filter(11055)
2015-08-27 11:55:47.385603|0x7fff5401b3c0|:000000069486000 filter(11070)
2015-08-27 11:55:47.385740|0x7fff5401b3c0|:000000069623000 filter(11070)
2015-08-27 11:55:47.390782|0x7fff5401b3c0|:000000074672000 filter(11075)
2015-08-27 11:55:47.390919|0x7fff5401b3c0|:000000074803000 filter(11080)
2015-08-27 11:55:47.395659|0x7fff5401b3c0|:000000079549000 filter(11085)
2015-08-27 11:55:47.395776|0x7fff5401b3c0|:000000079659000 filter(11090)
2015-08-27 11:55:47.400886|0x7fff5401b3c0|:000000084777000 filter(11095)
2015-08-27 11:55:47.401028|0x7fff5401b3c0|:000000084911000 filter(11105)
2015-08-27 11:55:47.402364|0x7fff5401b3c0|:000000086255000 filter(11110)
2015-08-27 11:55:47.406085|0x7fff5401b3c0|:000000089975000 filter(11110)
2015-08-27 11:55:47.409503|0x7fff5401b3c0|:000000093386000 filter(11115)
2015-08-27 11:55:47.409587|0x7fff5401b3c0|:000000093469000 filter(11120)
2015-08-27 11:55:47.409634|0x7fff5401b3c0|:000000093515000 filter(11120)
2015-08-27 11:55:47.412384|0x7fff5401b3c0|:000000096268000 filter(11175)
2015-08-27 11:55:47.412474|0x7fff5401b3c0|:000000096356000 filter(11215)
2015-08-27 11:55:47.412540|0x7fff5401b3c0|:000000096422000 filter(11225)
2015-08-27 11:55:47.412604|0x7fff5401b3c0|:000000096486000 filter(11230)
2015-08-27 11:55:47.412700|0x7fff5401b3c0|:000000096582000 filter(11240)
2015-08-27 11:55:47.414896|0x7fff5401b3c0|:000000098785000 filter(11240)
2015-08-27 11:55:47.417449|0x7fff5401b3c0|:000000101338000 filter(11245)
2015-08-27 11:55:47.417582|0x7fff5401b3c0|:000000101465000 filter(11255)
2015-08-27 11:55:47.417622|0x7fff5401b3c0|:000000101504000 filter(11260)
2015-08-27 11:55:47.417665|0x7fff5401b3c0|:000000101547000 filter(11265)
2015-08-27 11:55:47.419032|0x7fff5401b3c0|:000000102921000 filter(11270)
2015-08-27 11:55:47.419835|0x7fff5401b3c0|:000000103725000 filter(11280)
2015-08-27 11:55:47.419964|0x7fff5401b3c0|:000000103847000 filter(11290)
2015-08-27 11:55:47.426761|0x7fff5401b3c0|:000000110651000 filter(11290)
2015-08-27 11:55:47.426847|0x7fff5401b3c0|:000000110730000 filter(11290)
2015-08-27 11:55:47.437806|0x7fff5401b3c0|:000000121696000 filter(11290)
2015-08-27 11:55:47.439885|0x7fff5401b3c0|:000000123769000 filter(11415)
2015-08-27 11:55:47.439938|0x7fff5401b3c0|:000000123820000 filter(11425)
2015-08-27 11:55:47.439978|0x7fff5401b3c0|:000000123860000 filter(11430)
2015-08-27 11:55:47.444171|0x7fff5401b3c0|:000000128061000 filter(11455)
2015-08-27 11:55:47.444936|0x7fff5401b3c0|:000000128827000 filter(11460)
2015-08-27 11:55:47.445024|0x7fff5401b3c0|:000000128907000 filter(11475)
2015-08-27 11:55:47.445068|0x7fff5401b3c0|:000000128950000 filter(11485)
2015-08-27 11:55:47.445095|0x7fff5401b3c0|:000000128976000 filter(11490)
2015-08-27 11:55:47.447761|0x7fff5401b3c0|:000000131645000 filter(11495)
2015-08-27 11:55:47.449770|0x7fff5401b3c0|:000000133660000 filter(11500)
2015-08-27 11:55:47.449877|0x7fff5401b3c0|:000000133760000 filter(11505)
2015-08-27 11:55:47.449935|0x7fff5401b3c0|:000000133817000 filter(11505)
2015-08-27 11:55:47.449956|0x7fff5401b3c0|:000000133837000 select(11505)
2015-08-27 11:56:37.756512|0x7fff5401b3c0|:000050440409000 output(11505)
2015-08-27 11:56:37.757435|0x7fff5401b3c0|<000050441323000 rc=0
2015-08-27 11:56:37.807021|0x10bf03a20| query log will be closed: <log/highlight.log>
