2015-08-27 11:59:17.305200|0x7fff563613c0|>select --table Data        --match_columns article        --output_columns "_key,article,line_no"        --query "( あいこ OR あかり OR ありま OR いつお OR うらら OR かおり OR かとう OR かなえ OR かなめ OR きよこ OR きよみ OR こずえ OR しげこ OR すずき  OR せいこ OR せんだ OR たいじ OR たけお OR たまえ OR ちゃん OR ちょこ OR とよこ OR ながの OR のぼる OR のむら OR まこと OR みどり OR みやこ OR みゆき OR よしの OR よしみ OR 健次郎 OR 利根川 OR 千々石 OR 千鶴子 OR 大久保 OR 大河原 OR 威海衛 OR 宇都宮 OR 小石川 OR 江田島 OR 海江田 OR 西久保 OR 高千穂 OR こうへい OR こうめい ) OR (line_no:>1 + line_no:<500)"        --command_version 2        --limit -1
2015-08-27 11:59:17.331339|0x7fff563613c0|:000000026157000 filter(42570)
2015-08-27 11:59:17.349703|0x7fff563613c0|:000000044518000 filter(10880)
2015-08-27 11:59:17.355662|0x7fff563613c0|:000000050476000 filter(10880)
2015-08-27 11:59:17.359790|0x7fff563613c0|:000000054603000 filter(10905)
2015-08-27 11:59:17.362664|0x7fff563613c0|:000000057471000 filter(11040)
2015-08-27 11:59:17.366815|0x7fff563613c0|:000000061627000 filter(11050)
2015-08-27 11:59:17.370498|0x7fff563613c0|:000000065311000 filter(11055)
2015-08-27 11:59:17.370632|0x7fff563613c0|:000000065437000 filter(11070)
2015-08-27 11:59:17.370771|0x7fff563613c0|:000000065575000 filter(11070)
2015-08-27 11:59:17.374685|0x7fff563613c0|:000000069497000 filter(11075)
2015-08-27 11:59:17.374824|0x7fff563613c0|:000000069629000 filter(11080)
2015-08-27 11:59:17.378914|0x7fff563613c0|:000000073727000 filter(11085)
2015-08-27 11:59:17.379031|0x7fff563613c0|:000000073836000 filter(11090)
2015-08-27 11:59:17.382569|0x7fff563613c0|:000000077375000 filter(11095)
2015-08-27 11:59:17.382673|0x7fff563613c0|:000000077478000 filter(11105)
2015-08-27 11:59:17.383729|0x7fff563613c0|:000000078541000 filter(11110)
2015-08-27 11:59:17.386972|0x7fff563613c0|:000000081785000 filter(11110)
2015-08-27 11:59:17.389990|0x7fff563613c0|:000000084796000 filter(11115)
2015-08-27 11:59:17.390072|0x7fff563613c0|:000000084877000 filter(11120)
2015-08-27 11:59:17.390120|0x7fff563613c0|:000000084923000 filter(11120)
2015-08-27 11:59:17.392616|0x7fff563613c0|:000000087422000 filter(11175)
2015-08-27 11:59:17.392707|0x7fff563613c0|:000000087511000 filter(11215)
2015-08-27 11:59:17.392773|0x7fff563613c0|:000000087577000 filter(11225)
2015-08-27 11:59:17.392839|0x7fff563613c0|:000000087643000 filter(11230)
2015-08-27 11:59:17.392936|0x7fff563613c0|:000000087740000 filter(11240)
2015-08-27 11:59:17.395578|0x7fff563613c0|:000000090390000 filter(11240)
2015-08-27 11:59:17.397700|0x7fff563613c0|:000000092512000 filter(11245)
2015-08-27 11:59:17.397834|0x7fff563613c0|:000000092639000 filter(11255)
2015-08-27 11:59:17.397874|0x7fff563613c0|:000000092678000 filter(11260)
2015-08-27 11:59:17.397918|0x7fff563613c0|:000000092722000 filter(11265)
2015-08-27 11:59:17.398912|0x7fff563613c0|:000000093723000 filter(11270)
2015-08-27 11:59:17.399418|0x7fff563613c0|:000000094231000 filter(11280)
2015-08-27 11:59:17.399549|0x7fff563613c0|:000000094354000 filter(11290)
2015-08-27 11:59:17.405512|0x7fff563613c0|:000000100324000 filter(11290)
2015-08-27 11:59:17.405623|0x7fff563613c0|:000000100428000 filter(11290)
2015-08-27 11:59:17.413566|0x7fff563613c0|:000000108373000 filter(11290)
2015-08-27 11:59:17.415449|0x7fff563613c0|:000000110255000 filter(11415)
2015-08-27 11:59:17.415504|0x7fff563613c0|:000000110308000 filter(11425)
2015-08-27 11:59:17.415544|0x7fff563613c0|:000000110348000 filter(11430)
2015-08-27 11:59:17.418619|0x7fff563613c0|:000000113431000 filter(11455)
2015-08-27 11:59:17.419389|0x7fff563613c0|:000000114201000 filter(11460)
2015-08-27 11:59:17.419449|0x7fff563613c0|:000000114254000 filter(11475)
2015-08-27 11:59:17.419502|0x7fff563613c0|:000000114307000 filter(11485)
2015-08-27 11:59:17.419529|0x7fff563613c0|:000000114333000 filter(11490)
2015-08-27 11:59:17.421230|0x7fff563613c0|:000000116042000 filter(11495)
2015-08-27 11:59:17.423264|0x7fff563613c0|:000000118075000 filter(11500)
2015-08-27 11:59:17.423368|0x7fff563613c0|:000000118172000 filter(11505)
2015-08-27 11:59:17.423426|0x7fff563613c0|:000000118230000 filter(11505)
2015-08-27 11:59:17.423447|0x7fff563613c0|:000000118251000 select(11505)
2015-08-27 11:59:17.495288|0x7fff563613c0|:000000190105000 output(11505)
2015-08-27 11:59:17.496001|0x7fff563613c0|<000000190807000 rc=0
2015-08-27 11:59:17.542507|0x109bbba20| query log will be closed: <log/no_highlight.log>
